Ignoring -TARGETOS option - not supported for 64-bit version of this tool 

Using build options:  -I "C:\Users\ognje\Desktop\delete_later\etf3-opos-conways-game-of-life\Projekat3"
Setting target instruction set architecture to: Default (Intel(R) Advanced Vector Extensions 2 (Intel(R) AVX2))
Platform name: Intel(R) OpenCL
Device name: Intel(R) Core(TM) i7-7500U CPU @ 2.70GHz
Device version: OpenCL 2.1 (Build 0)
Device vendor: Intel(R) Corporation
Device profile: FULL_PROFILE
Compilation started
Compilation done
Linking started
Linking done
Device build started
Device build done
Kernel <gameOfLife> was not vectorized
Done.
gameOfLife info:
	Maximum work-group size: 4096
	Compiler work-group size: (0, 0, 0)
	Local memory size: 0
	Preferred multiple of work-group size: 128
	Minimum amount of private memory: 128

Build succeeded!
