C:\Program Files (x86)\Microsoft Visual Studio\2019\Community\MSBuild\Microsoft\VC\v160\Microsoft.CppBuild.targets(491,5): warning MSB8028: The intermediate directory (x64\Debug\) contains files shared from another project (StefanCode.vcxproj).  This can lead to incorrect clean and rebuild behavior.
  Preprocessing: GameOfLife.cl
  Preprocessing: kernelCorrection.cl
  Preprocessing: kernelDetection.cl
  Ignoring -TARGETOS option - not supported for 64-bit version of this tool 
  
  Using build options:  -I "C:\Users\ognje\Desktop\delete_later\etf3-opos-conways-game-of-life\StefanCode"
  Setting target instruction set architecture to: Default (Intel(R) Advanced Vector Extensions 2 (Intel(R) AVX2))
  Platform name: Intel(R) OpenCL
  Device name: Intel(R) Core(TM) i7-7500U CPU @ 2.70GHz
  Device version: OpenCL 2.1 (Build 0)
  Device vendor: Intel(R) Corporation
  Device profile: FULL_PROFILE
  Compilation started
  Compilation done
  Linking started
  Linking done
  Device build started
  Device build done
  Kernel <gameOfLife> was not vectorized
  Done.
  gameOfLife info:
  	Maximum work-group size: 4096
  	Compiler work-group size: (0, 0, 0)
  	Local memory size: 0
  	Preferred multiple of work-group size: 128
  	Minimum amount of private memory: 128
  
  Build succeeded!
  
  Ignoring -TARGETOS option - not supported for 64-bit version of this tool 
  
  Using build options:  -I "C:\Users\ognje\Desktop\delete_later\etf3-opos-conways-game-of-life\StefanCode"
  Setting target instruction set architecture to: Default (Intel(R) Advanced Vector Extensions 2 (Intel(R) AVX2))
  Platform name: Intel(R) OpenCL
  Device name: Intel(R) Core(TM) i7-7500U CPU @ 2.70GHz
  Device version: OpenCL 2.1 (Build 0)
  Device vendor: Intel(R) Corporation
  Device profile: FULL_PROFILE
  Compilation started
  Compilation done
  Linking started
  Linking done
  Device build started
  Device build done
  Kernel <correctionGameOfLife> was not vectorized
  Done.
  correctionGameOfLife info:
  	Maximum work-group size: 4096
  	Compiler work-group size: (0, 0, 0)
  	Local memory size: 0
  	Preferred multiple of work-group size: 128
  	Minimum amount of private memory: 128
  
  Build succeeded!
  
  Ignoring -TARGETOS option - not supported for 64-bit version of this tool 
  
  Using build options:  -I "C:\Users\ognje\Desktop\delete_later\etf3-opos-conways-game-of-life\StefanCode"
  Setting target instruction set architecture to: Default (Intel(R) Advanced Vector Extensions 2 (Intel(R) AVX2))
  Platform name: Intel(R) OpenCL
  Device name: Intel(R) Core(TM) i7-7500U CPU @ 2.70GHz
  Device version: OpenCL 2.1 (Build 0)
  Device vendor: Intel(R) Corporation
  Device profile: FULL_PROFILE
  Compilation started
  Compilation done
  Linking started
  Linking done
  Device build started
  Device build done
  Kernel <detectionKernel> was not vectorized
  Done.
  detectionKernel info:
  	Maximum work-group size: 4096
  	Compiler work-group size: (0, 0, 0)
  	Local memory size: 0
  	Preferred multiple of work-group size: 128
  	Minimum amount of private memory: 128
  
  Build succeeded!
  
cl : command line warning D9035: option 'Gm' has been deprecated and will be removed in a future release
  Source.cpp
  cl_version.h: CL_TARGET_OPENCL_VERSION is not defined. Defaulting to 220 (OpenCL 2.2)
  GameOfLifeLib.cpp
  cl_version.h: CL_TARGET_OPENCL_VERSION is not defined. Defaulting to 220 (OpenCL 2.2)
C:\Users\ognje\Desktop\delete_later\etf3-opos-conways-game-of-life\StefanCode\GameOfLifeLib.cpp(34,12): warning C4996: 'fopen': This function or variable may be unsafe. Consider using fopen_s instead. To disable deprecation, use _CRT_SECURE_NO_WARNINGS. See online help for details.
C:\Users\ognje\Desktop\delete_later\etf3-opos-conways-game-of-life\StefanCode\GameOfLifeLib.cpp(50,13): warning C4996: 'fopen': This function or variable may be unsafe. Consider using fopen_s instead. To disable deprecation, use _CRT_SECURE_NO_WARNINGS. See online help for details.
C:\Users\ognje\Desktop\delete_later\etf3-opos-conways-game-of-life\StefanCode\GameOfLifeLib.cpp(51,7): warning C4996: 'fscanf': This function or variable may be unsafe. Consider using fscanf_s instead. To disable deprecation, use _CRT_SECURE_NO_WARNINGS. See online help for details.
C:\Users\ognje\Desktop\delete_later\etf3-opos-conways-game-of-life\StefanCode\GameOfLifeLib.cpp(62,13): warning C4996: 'fopen': This function or variable may be unsafe. Consider using fopen_s instead. To disable deprecation, use _CRT_SECURE_NO_WARNINGS. See online help for details.
C:\Users\ognje\Desktop\delete_later\etf3-opos-conways-game-of-life\StefanCode\GameOfLifeLib.cpp(152,10): warning C4996: 'clCreateCommandQueue': was declared deprecated
C:\Users\ognje\Desktop\delete_later\etf3-opos-conways-game-of-life\StefanCode\GameOfLifeLib.cpp(350,20): warning C4996: 'fopen': This function or variable may be unsafe. Consider using fopen_s instead. To disable deprecation, use _CRT_SECURE_NO_WARNINGS. See online help for details.
  Generating Code...
  StefanCode.vcxproj -> C:\Users\ognje\Desktop\delete_later\etf3-opos-conways-game-of-life\x64\Debug\Projekat3.exe
  GameOfLife.cl
  kernelCorrection.cl
  kernelDetection.cl
          3 file(s) copied.
